build/app/intermediates/manifest_merge_blame_file/release/manifest-merger-blame-release-report.txt
1<?xml version="1.0" encoding="utf-8"?>
2<manifest xmlns:android="http://schemas.android.com/apk/res/android"
3    package="app.hoofzyflutter"
4    android:versionCode="1"
5    android:versionName="1.0.1" >
6
7    <uses-sdk
8        android:minSdkVersion="21"
8-->src\main\AndroidManifest.xml
9        android:targetSdkVersion="31" />
9-->src\main\AndroidManifest.xml
10
11    <uses-permission android:name="android.permission.ACCESS_NETWORK_STATE" />
11-->[:firebase_analytics] AndroidManifest.xml:9:5-79
11-->[:firebase_analytics] AndroidManifest.xml:9:22-76
12    <uses-permission android:name="android.permission.INTERNET" />
12-->[:firebase_analytics] AndroidManifest.xml:10:5-67
12-->[:firebase_analytics] AndroidManifest.xml:10:22-64
13    <uses-permission android:name="android.permission.WAKE_LOCK" /> <!-- Permissions options for the `notification` group -->
13-->[:firebase_analytics] AndroidManifest.xml:11:5-68
13-->[:firebase_analytics] AndroidManifest.xml:11:22-65
14    <uses-permission android:name="android.permission.POST_NOTIFICATIONS" />
14-->[:firebase_messaging] AndroidManifest.xml:13:5-77
14-->[:firebase_messaging] AndroidManifest.xml:13:22-74
15    <uses-permission android:name="android.permission.RECEIVE_BOOT_COMPLETED" />
15-->[:flutter_local_notifications] AndroidManifest.xml:9:5-81
15-->[:flutter_local_notifications] AndroidManifest.xml:9:22-78
16    <uses-permission android:name="android.permission.VIBRATE" />
16-->[:flutter_local_notifications] AndroidManifest.xml:10:5-66
16-->[:flutter_local_notifications] AndroidManifest.xml:10:22-63
17    <uses-permission android:name="android.permission.USE_FULL_SCREEN_INTENT" />
17-->[:flutter_local_notifications] AndroidManifest.xml:11:5-81
17-->[:flutter_local_notifications] AndroidManifest.xml:11:22-78
18    <uses-permission android:name="android.permission.SCHEDULE_EXACT_ALARM" />
18-->[:flutter_local_notifications] AndroidManifest.xml:12:5-79
18-->[:flutter_local_notifications] AndroidManifest.xml:12:22-76
19    <uses-permission android:name="android.permission.SET_WALLPAPER" />
19-->[:wallpaper_manager_flutter] AndroidManifest.xml:10:5-72
19-->[:wallpaper_manager_flutter] AndroidManifest.xml:10:22-69
20    <uses-permission android:name="android.permission.WRITE_EXTERNAL_STORAGE" />
20-->[:wallpaper_manager_flutter] AndroidManifest.xml:11:5-81
20-->[:wallpaper_manager_flutter] AndroidManifest.xml:11:22-78
21    <uses-permission android:name="android.permission.READ_EXTERNAL_STORAGE" />
21-->[:wallpaper_manager_flutter] AndroidManifest.xml:12:5-80
21-->[:wallpaper_manager_flutter] AndroidManifest.xml:12:22-77
22
23    <uses-feature
23-->[:async_wallpaper] AndroidManifest.xml:14:5-16:35
24        android:name="android.software.live_wallpaper"
24-->[:async_wallpaper] AndroidManifest.xml:15:9-55
25        android:required="true" /> <!-- Required by older versions of Google Play services to create IID tokens -->
25-->[:async_wallpaper] AndroidManifest.xml:16:9-32
26    <uses-permission android:name="com.google.android.c2dm.permission.RECEIVE" />
26-->[com.google.firebase:firebase-iid:21.1.0] AndroidManifest.xml:26:5-82
26-->[com.google.firebase:firebase-iid:21.1.0] AndroidManifest.xml:26:22-79
27    <uses-permission android:name="com.google.android.gms.permission.AD_ID" />
27-->[com.google.android.gms:play-services-measurement-api:21.2.0] AndroidManifest.xml:25:5-79
27-->[com.google.android.gms:play-services-measurement-api:21.2.0] AndroidManifest.xml:25:22-76
28    <uses-permission android:name="com.google.android.finsky.permission.BIND_GET_INSTALL_REFERRER_SERVICE" /> <!-- Android package visibility setting -->
28-->[com.google.android.gms:play-services-measurement:21.2.0] AndroidManifest.xml:26:5-110
28-->[com.google.android.gms:play-services-measurement:21.2.0] AndroidManifest.xml:26:22-107
29    <queries>
29-->[com.google.android.gms:play-services-ads-lite:21.3.0] AndroidManifest.xml:28:5-44:15
30
31        <!-- For browser content -->
32        <intent>
32-->[com.google.android.gms:play-services-ads-lite:21.3.0] AndroidManifest.xml:31:9-37:18
33            <action android:name="android.intent.action.VIEW" />
33-->[com.google.android.gms:play-services-ads-lite:21.3.0] AndroidManifest.xml:32:13-65
33-->[com.google.android.gms:play-services-ads-lite:21.3.0] AndroidManifest.xml:32:21-62
34
35            <category android:name="android.intent.category.BROWSABLE" />
35-->[com.google.android.gms:play-services-ads-lite:21.3.0] AndroidManifest.xml:34:13-74
35-->[com.google.android.gms:play-services-ads-lite:21.3.0] AndroidManifest.xml:34:23-71
36
37            <data android:scheme="https" />
37-->[com.google.android.gms:play-services-ads-lite:21.3.0] AndroidManifest.xml:36:13-44
37-->[com.google.android.gms:play-services-ads-lite:21.3.0] AndroidManifest.xml:36:19-41
38        </intent>
39        <!-- End of browser content -->
40        <!-- For CustomTabsService -->
41        <intent>
41-->[com.google.android.gms:play-services-ads-lite:21.3.0] AndroidManifest.xml:40:9-42:18
42            <action android:name="android.support.customtabs.action.CustomTabsService" />
42-->[com.google.android.gms:play-services-ads-lite:21.3.0] AndroidManifest.xml:41:13-90
42-->[com.google.android.gms:play-services-ads-lite:21.3.0] AndroidManifest.xml:41:21-87
43        </intent>
44        <!-- End of CustomTabsService -->
45    </queries>
46
47    <uses-permission android:name="android.permission.FOREGROUND_SERVICE" />
47-->[androidx.work:work-runtime:2.7.0] AndroidManifest.xml:28:5-77
47-->[androidx.work:work-runtime:2.7.0] AndroidManifest.xml:28:22-74
48
49    <application
50        android:name="android.app.Application"
50-->src\main\AndroidManifest.xml:5:9-42
51        android:allowBackup="true"
51-->[:async_wallpaper] AndroidManifest.xml:18:18-44
52        android:appComponentFactory="androidx.core.app.CoreComponentFactory"
52-->[androidx.core:core:1.6.0] AndroidManifest.xml:24:18-86
53        android:icon="@mipmap/ic_launcher"
53-->src\main\AndroidManifest.xml:6:9-43
54        android:label="Hoofzy V2" >
54-->src\main\AndroidManifest.xml:4:9-34
55        <activity
55-->src\main\AndroidManifest.xml:7:9-31:20
56            android:name="app.hoofzyflutter.MainActivity"
56-->src\main\AndroidManifest.xml:8:13-41
57            android:configChanges="orientation|keyboardHidden|keyboard|screenSize|smallestScreenSize|locale|layoutDirection|fontScale|screenLayout|density|uiMode"
57-->src\main\AndroidManifest.xml:12:13-163
58            android:exported="true"
58-->src\main\AndroidManifest.xml:9:13-36
59            android:hardwareAccelerated="true"
59-->src\main\AndroidManifest.xml:13:13-47
60            android:launchMode="singleTop"
60-->src\main\AndroidManifest.xml:10:13-43
61            android:theme="@style/LaunchTheme"
61-->src\main\AndroidManifest.xml:11:13-47
62            android:windowSoftInputMode="adjustResize" >
62-->src\main\AndroidManifest.xml:14:13-55
63
64            <!--
65                 Specifies an Android theme to apply to this Activity as soon as
66                 the Android process has started. This theme is visible to the user
67                 while the Flutter UI initializes. After that, this theme continues
68                 to determine the Window background behind the Flutter UI.
69            -->
70            <meta-data
70-->src\main\AndroidManifest.xml:19:13-22:17
71                android:name="io.flutter.embedding.android.NormalTheme"
71-->src\main\AndroidManifest.xml:20:15-70
72                android:resource="@style/NormalTheme" />
72-->src\main\AndroidManifest.xml:21:15-52
73
74            <intent-filter>
74-->src\main\AndroidManifest.xml:23:13-26:29
75                <action android:name="android.intent.action.MAIN" />
75-->src\main\AndroidManifest.xml:24:17-68
75-->src\main\AndroidManifest.xml:24:25-66
76
77                <category android:name="android.intent.category.LAUNCHER" />
77-->src\main\AndroidManifest.xml:25:17-76
77-->src\main\AndroidManifest.xml:25:27-74
78            </intent-filter>
79            <intent-filter>
79-->src\main\AndroidManifest.xml:27:13-30:29
80                <action android:name="FLUTTER_NOTIFICATION_CLICK" />
80-->src\main\AndroidManifest.xml:28:17-69
80-->src\main\AndroidManifest.xml:28:25-66
81
82                <category android:name="android.intent.category.DEFAULT" />
82-->src\main\AndroidManifest.xml:29:17-76
82-->src\main\AndroidManifest.xml:29:27-73
83            </intent-filter>
84        </activity>
85        <!--
86             Don't delete the meta-data below.
87             This is used by the Flutter tool to generate GeneratedPluginRegistrant.java
88        -->
89        <meta-data
89-->src\main\AndroidManifest.xml:34:9-36:33
90            android:name="flutterEmbedding"
90-->src\main\AndroidManifest.xml:35:13-44
91            android:value="2" />
91-->src\main\AndroidManifest.xml:36:13-30
92        <meta-data
92-->src\main\AndroidManifest.xml:37:8-39:68
93            android:name="com.google.android.gms.ads.APPLICATION_ID"
93-->src\main\AndroidManifest.xml:38:12-68
94            android:value="ca-app-pub-1032142226898733~4782001542" />
94-->src\main\AndroidManifest.xml:39:12-66
95        <meta-data
95-->src\main\AndroidManifest.xml:40:8-42:54
96            android:name="com.google.firebase.messaging.default_notification_channel_id"
96-->src\main\AndroidManifest.xml:41:12-88
97            android:value="high_importance_channel" />
97-->src\main\AndroidManifest.xml:42:12-51
98        <meta-data
98-->src\main\AndroidManifest.xml:44:8-46:53
99            android:name="com.google.firebase.messaging.default_notification_icon"
99-->src\main\AndroidManifest.xml:45:12-82
100            android:resource="@mipmap/ic_launcher" />
100-->src\main\AndroidManifest.xml:46:12-50
101
102        <service
102-->[:cloud_firestore] AndroidManifest.xml:10:9-14:19
103            android:name="com.google.firebase.components.ComponentDiscoveryService"
103-->[:cloud_firestore] AndroidManifest.xml:10:18-89
104            android:directBootAware="true"
104-->[com.google.firebase:firebase-common:20.2.0] AndroidManifest.xml:34:13-43
105            android:exported="false" >
105-->[com.google.firebase:firebase-iid:21.1.0] AndroidManifest.xml:31:13-37
106            <meta-data
106-->[:cloud_firestore] AndroidManifest.xml:11:13-13:85
107                android:name="com.google.firebase.components:io.flutter.plugins.firebase.firestore.FlutterFirebaseFirestoreRegistrar"
107-->[:cloud_firestore] AndroidManifest.xml:12:17-134
108                android:value="com.google.firebase.components.ComponentRegistrar" />
108-->[:cloud_firestore] AndroidManifest.xml:13:17-82
109            <meta-data
109-->[:firebase_analytics] AndroidManifest.xml:15:13-17:85
110                android:name="com.google.firebase.components:io.flutter.plugins.firebase.analytics.FlutterFirebaseAppRegistrar"
110-->[:firebase_analytics] AndroidManifest.xml:16:17-128
111                android:value="com.google.firebase.components.ComponentRegistrar" />
111-->[:firebase_analytics] AndroidManifest.xml:17:17-82
112            <meta-data
112-->[:firebase_messaging] AndroidManifest.xml:38:13-40:85
113                android:name="com.google.firebase.components:io.flutter.plugins.firebase.messaging.FlutterFirebaseAppRegistrar"
113-->[:firebase_messaging] AndroidManifest.xml:39:17-128
114                android:value="com.google.firebase.components.ComponentRegistrar" />
114-->[:firebase_messaging] AndroidManifest.xml:40:17-82
115            <meta-data
115-->[:firebase_core] AndroidManifest.xml:11:13-13:85
116                android:name="com.google.firebase.components:io.flutter.plugins.firebase.core.FlutterFirebaseCoreRegistrar"
116-->[:firebase_core] AndroidManifest.xml:12:17-124
117                android:value="com.google.firebase.components.ComponentRegistrar" />
117-->[:firebase_core] AndroidManifest.xml:13:17-82
118            <meta-data
118-->[com.google.firebase:firebase-iid:21.1.0] AndroidManifest.xml:32:13-34:85
119                android:name="com.google.firebase.components:com.google.firebase.iid.Registrar"
119-->[com.google.firebase:firebase-iid:21.1.0] AndroidManifest.xml:33:17-96
120                android:value="com.google.firebase.components.ComponentRegistrar" />
120-->[com.google.firebase:firebase-iid:21.1.0] AndroidManifest.xml:34:17-82
121            <meta-data
121-->[com.google.firebase:firebase-firestore:24.4.0] AndroidManifest.xml:19:13-21:85
122                android:name="com.google.firebase.components:com.google.firebase.firestore.FirestoreRegistrar"
122-->[com.google.firebase:firebase-firestore:24.4.0] AndroidManifest.xml:20:17-111
123                android:value="com.google.firebase.components.ComponentRegistrar" />
123-->[com.google.firebase:firebase-firestore:24.4.0] AndroidManifest.xml:21:17-82
124            <meta-data
124-->[com.google.firebase:firebase-messaging:23.1.0] AndroidManifest.xml:55:13-57:85
125                android:name="com.google.firebase.components:com.google.firebase.messaging.FirebaseMessagingRegistrar"
125-->[com.google.firebase:firebase-messaging:23.1.0] AndroidManifest.xml:56:17-119
126                android:value="com.google.firebase.components.ComponentRegistrar" />
126-->[com.google.firebase:firebase-messaging:23.1.0] AndroidManifest.xml:57:17-82
127            <meta-data
127-->[com.google.android.gms:play-services-measurement-api:21.2.0] AndroidManifest.xml:31:13-33:85
128                android:name="com.google.firebase.components:com.google.firebase.analytics.connector.internal.AnalyticsConnectorRegistrar"
128-->[com.google.android.gms:play-services-measurement-api:21.2.0] AndroidManifest.xml:32:17-139
129                android:value="com.google.firebase.components.ComponentRegistrar" />
129-->[com.google.android.gms:play-services-measurement-api:21.2.0] AndroidManifest.xml:33:17-82
130            <meta-data
130-->[com.google.firebase:firebase-installations:17.1.0] AndroidManifest.xml:17:13-19:85
131                android:name="com.google.firebase.components:com.google.firebase.installations.FirebaseInstallationsRegistrar"
131-->[com.google.firebase:firebase-installations:17.1.0] AndroidManifest.xml:18:17-127
132                android:value="com.google.firebase.components.ComponentRegistrar" />
132-->[com.google.firebase:firebase-installations:17.1.0] AndroidManifest.xml:19:17-82
133            <meta-data
133-->[com.google.firebase:firebase-datatransport:18.1.7] AndroidManifest.xml:27:13-29:85
134                android:name="com.google.firebase.components:com.google.firebase.datatransport.TransportRegistrar"
134-->[com.google.firebase:firebase-datatransport:18.1.7] AndroidManifest.xml:28:17-115
135                android:value="com.google.firebase.components.ComponentRegistrar" />
135-->[com.google.firebase:firebase-datatransport:18.1.7] AndroidManifest.xml:29:17-82
136        </service>
137        <service
137-->[:firebase_messaging] AndroidManifest.xml:16:9-19:72
138            android:name="io.flutter.plugins.firebase.messaging.FlutterFirebaseMessagingBackgroundService"
138-->[:firebase_messaging] AndroidManifest.xml:17:13-107
139            android:exported="false"
139-->[:firebase_messaging] AndroidManifest.xml:18:13-37
140            android:permission="android.permission.BIND_JOB_SERVICE" />
140-->[:firebase_messaging] AndroidManifest.xml:19:13-69
141        <service
141-->[:firebase_messaging] AndroidManifest.xml:20:9-26:19
142            android:name="io.flutter.plugins.firebase.messaging.FlutterFirebaseMessagingService"
142-->[:firebase_messaging] AndroidManifest.xml:21:13-97
143            android:exported="false" >
143-->[:firebase_messaging] AndroidManifest.xml:22:13-37
144            <intent-filter>
144-->[:firebase_messaging] AndroidManifest.xml:23:13-25:29
145                <action android:name="com.google.firebase.MESSAGING_EVENT" />
145-->[:firebase_messaging] AndroidManifest.xml:24:17-78
145-->[:firebase_messaging] AndroidManifest.xml:24:25-75
146            </intent-filter>
147        </service>
148
149        <receiver
149-->[:firebase_messaging] AndroidManifest.xml:28:9-35:20
150            android:name="io.flutter.plugins.firebase.messaging.FlutterFirebaseMessagingReceiver"
150-->[:firebase_messaging] AndroidManifest.xml:29:13-98
151            android:exported="true"
151-->[:firebase_messaging] AndroidManifest.xml:30:13-36
152            android:permission="com.google.android.c2dm.permission.SEND" >
152-->[:firebase_messaging] AndroidManifest.xml:31:13-73
153            <intent-filter>
153-->[:firebase_messaging] AndroidManifest.xml:32:13-34:29
154                <action android:name="com.google.android.c2dm.intent.RECEIVE" />
154-->[:firebase_messaging] AndroidManifest.xml:33:17-81
154-->[:firebase_messaging] AndroidManifest.xml:33:25-78
155            </intent-filter>
156        </receiver>
157
158        <provider
158-->[:firebase_messaging] AndroidManifest.xml:43:9-47:38
159            android:name="io.flutter.plugins.firebase.messaging.FlutterFirebaseMessagingInitProvider"
159-->[:firebase_messaging] AndroidManifest.xml:44:13-102
160            android:authorities="app.hoofzyflutter.flutterfirebasemessaginginitprovider"
160-->[:firebase_messaging] AndroidManifest.xml:45:13-88
161            android:exported="false"
161-->[:firebase_messaging] AndroidManifest.xml:46:13-37
162            android:initOrder="99" />
162-->[:firebase_messaging] AndroidManifest.xml:47:13-35
163
164        <receiver
164-->[:flutter_local_notifications] AndroidManifest.xml:16:9-18:40
165            android:name="com.dexterous.flutterlocalnotifications.ActionBroadcastReceiver"
165-->[:flutter_local_notifications] AndroidManifest.xml:17:13-91
166            android:exported="false" />
166-->[:flutter_local_notifications] AndroidManifest.xml:18:13-37
167        <receiver
167-->[:flutter_local_notifications] AndroidManifest.xml:19:9-21:40
168            android:name="com.dexterous.flutterlocalnotifications.ScheduledNotificationReceiver"
168-->[:flutter_local_notifications] AndroidManifest.xml:20:13-97
169            android:exported="false" />
169-->[:flutter_local_notifications] AndroidManifest.xml:21:13-37
170        <receiver
170-->[:flutter_local_notifications] AndroidManifest.xml:22:9-31:20
171            android:name="com.dexterous.flutterlocalnotifications.ScheduledNotificationBootReceiver"
171-->[:flutter_local_notifications] AndroidManifest.xml:23:13-101
172            android:exported="false" >
172-->[:flutter_local_notifications] AndroidManifest.xml:24:13-37
173            <intent-filter>
173-->[:flutter_local_notifications] AndroidManifest.xml:25:13-30:29
174                <action android:name="android.intent.action.BOOT_COMPLETED" />
174-->[:flutter_local_notifications] AndroidManifest.xml:26:17-79
174-->[:flutter_local_notifications] AndroidManifest.xml:26:25-76
175                <action android:name="android.intent.action.MY_PACKAGE_REPLACED" />
175-->[:flutter_local_notifications] AndroidManifest.xml:27:17-84
175-->[:flutter_local_notifications] AndroidManifest.xml:27:25-81
176                <action android:name="android.intent.action.QUICKBOOT_POWERON" />
176-->[:flutter_local_notifications] AndroidManifest.xml:28:17-82
176-->[:flutter_local_notifications] AndroidManifest.xml:28:25-79
177                <action android:name="com.htc.intent.action.QUICKBOOT_POWERON" />
177-->[:flutter_local_notifications] AndroidManifest.xml:29:17-82
177-->[:flutter_local_notifications] AndroidManifest.xml:29:25-79
178            </intent-filter>
179        </receiver>
180
181        <activity
181-->[:url_launcher_android] AndroidManifest.xml:10:9-13:74
182            android:name="io.flutter.plugins.urllauncher.WebViewActivity"
182-->[:url_launcher_android] AndroidManifest.xml:11:13-74
183            android:exported="false"
183-->[:url_launcher_android] AndroidManifest.xml:12:13-37
184            android:theme="@android:style/Theme.NoTitleBar.Fullscreen" />
184-->[:url_launcher_android] AndroidManifest.xml:13:13-71
185
186        <meta-data
186-->[:google_mobile_ads] AndroidManifest.xml:12:9-14:36
187            android:name="io.flutter.embedded_views_preview"
187-->[:google_mobile_ads] AndroidManifest.xml:13:13-61
188            android:value="true" />
188-->[:google_mobile_ads] AndroidManifest.xml:14:13-33
189
190        <service
190-->[:async_wallpaper] AndroidManifest.xml:19:9-32:19
191            android:name="com.codenameakshay.async_wallpaper.VideoLiveWallpaper"
191-->[:async_wallpaper] AndroidManifest.xml:20:13-81
192            android:exported="true"
192-->[:async_wallpaper] AndroidManifest.xml:21:13-36
193            android:label="@string/app_name"
193-->[:async_wallpaper] AndroidManifest.xml:22:13-45
194            android:permission="android.permission.BIND_WALLPAPER"
194-->[:async_wallpaper] AndroidManifest.xml:23:13-67
195            android:process=":wallpaper" >
195-->[:async_wallpaper] AndroidManifest.xml:24:13-41
196            <intent-filter>
196-->[:async_wallpaper] AndroidManifest.xml:25:13-27:29
197                <action android:name="android.service.wallpaper.WallpaperService" />
197-->[:async_wallpaper] AndroidManifest.xml:26:17-85
197-->[:async_wallpaper] AndroidManifest.xml:26:25-82
198            </intent-filter>
199
200            <meta-data
200-->[:async_wallpaper] AndroidManifest.xml:29:13-31:57
201                android:name="android.service.wallpaper"
201-->[:async_wallpaper] AndroidManifest.xml:30:17-57
202                android:resource="@xml/livewallpaper" />
202-->[:async_wallpaper] AndroidManifest.xml:31:17-54
203        </service>
204
205        <uses-library
205-->[androidx.window:window:1.0.0-beta04] AndroidManifest.xml:25:9-27:40
206            android:name="androidx.window.extensions"
206-->[androidx.window:window:1.0.0-beta04] AndroidManifest.xml:26:13-54
207            android:required="false" />
207-->[androidx.window:window:1.0.0-beta04] AndroidManifest.xml:27:13-37
208        <uses-library
208-->[androidx.window:window:1.0.0-beta04] AndroidManifest.xml:28:9-30:40
209            android:name="androidx.window.sidecar"
209-->[androidx.window:window:1.0.0-beta04] AndroidManifest.xml:29:13-51
210            android:required="false" />
210-->[androidx.window:window:1.0.0-beta04] AndroidManifest.xml:30:13-37
211
212        <receiver
212-->[com.google.firebase:firebase-messaging:23.1.0] AndroidManifest.xml:31:9-38:20
213            android:name="com.google.firebase.iid.FirebaseInstanceIdReceiver"
213-->[com.google.firebase:firebase-messaging:23.1.0] AndroidManifest.xml:32:13-78
214            android:exported="true"
214-->[com.google.firebase:firebase-messaging:23.1.0] AndroidManifest.xml:33:13-36
215            android:permission="com.google.android.c2dm.permission.SEND" >
215-->[com.google.firebase:firebase-messaging:23.1.0] AndroidManifest.xml:34:13-73
216            <intent-filter>
216-->[:firebase_messaging] AndroidManifest.xml:32:13-34:29
217                <action android:name="com.google.android.c2dm.intent.RECEIVE" />
217-->[:firebase_messaging] AndroidManifest.xml:33:17-81
217-->[:firebase_messaging] AndroidManifest.xml:33:25-78
218            </intent-filter>
219        </receiver>
220        <!--
221             FirebaseMessagingService performs security checks at runtime,
222             but set to not exported to explicitly avoid allowing another app to call it.
223        -->
224        <service
224-->[com.google.firebase:firebase-messaging:23.1.0] AndroidManifest.xml:44:9-51:19
225            android:name="com.google.firebase.messaging.FirebaseMessagingService"
225-->[com.google.firebase:firebase-messaging:23.1.0] AndroidManifest.xml:45:13-82
226            android:directBootAware="true"
226-->[com.google.firebase:firebase-messaging:23.1.0] AndroidManifest.xml:46:13-43
227            android:exported="false" >
227-->[com.google.firebase:firebase-messaging:23.1.0] AndroidManifest.xml:47:13-37
228            <intent-filter android:priority="-500" >
228-->[:firebase_messaging] AndroidManifest.xml:23:13-25:29
229                <action android:name="com.google.firebase.MESSAGING_EVENT" />
229-->[:firebase_messaging] AndroidManifest.xml:24:17-78
229-->[:firebase_messaging] AndroidManifest.xml:24:25-75
230            </intent-filter>
231        </service>
232
233        <provider
233-->[com.google.firebase:firebase-common:20.2.0] AndroidManifest.xml:25:9-30:39
234            android:name="com.google.firebase.provider.FirebaseInitProvider"
234-->[com.google.firebase:firebase-common:20.2.0] AndroidManifest.xml:26:13-77
235            android:authorities="app.hoofzyflutter.firebaseinitprovider"
235-->[com.google.firebase:firebase-common:20.2.0] AndroidManifest.xml:27:13-72
236            android:directBootAware="true"
236-->[com.google.firebase:firebase-common:20.2.0] AndroidManifest.xml:28:13-43
237            android:exported="false"
237-->[com.google.firebase:firebase-common:20.2.0] AndroidManifest.xml:29:13-37
238            android:initOrder="100" />
238-->[com.google.firebase:firebase-common:20.2.0] AndroidManifest.xml:30:13-36
239
240        <receiver
240-->[com.google.android.gms:play-services-measurement:21.2.0] AndroidManifest.xml:29:9-33:20
241            android:name="com.google.android.gms.measurement.AppMeasurementReceiver"
241-->[com.google.android.gms:play-services-measurement:21.2.0] AndroidManifest.xml:30:13-85
242            android:enabled="true"
242-->[com.google.android.gms:play-services-measurement:21.2.0] AndroidManifest.xml:31:13-35
243            android:exported="false" >
243-->[com.google.android.gms:play-services-measurement:21.2.0] AndroidManifest.xml:32:13-37
244        </receiver>
245
246        <service
246-->[com.google.android.gms:play-services-measurement:21.2.0] AndroidManifest.xml:35:9-38:40
247            android:name="com.google.android.gms.measurement.AppMeasurementService"
247-->[com.google.android.gms:play-services-measurement:21.2.0] AndroidManifest.xml:36:13-84
248            android:enabled="true"
248-->[com.google.android.gms:play-services-measurement:21.2.0] AndroidManifest.xml:37:13-35
249            android:exported="false" />
249-->[com.google.android.gms:play-services-measurement:21.2.0] AndroidManifest.xml:38:13-37
250        <service
250-->[com.google.android.gms:play-services-measurement:21.2.0] AndroidManifest.xml:39:9-43:72
251            android:name="com.google.android.gms.measurement.AppMeasurementJobService"
251-->[com.google.android.gms:play-services-measurement:21.2.0] AndroidManifest.xml:40:13-87
252            android:enabled="true"
252-->[com.google.android.gms:play-services-measurement:21.2.0] AndroidManifest.xml:41:13-35
253            android:exported="false"
253-->[com.google.android.gms:play-services-measurement:21.2.0] AndroidManifest.xml:42:13-37
254            android:permission="android.permission.BIND_JOB_SERVICE" />
254-->[com.google.android.gms:play-services-measurement:21.2.0] AndroidManifest.xml:43:13-69
255
256        <provider
256-->[com.squareup.picasso:picasso:2.71828] AndroidManifest.xml:8:9-11:40
257            android:name="com.squareup.picasso.PicassoProvider"
257-->[com.squareup.picasso:picasso:2.71828] AndroidManifest.xml:9:13-64
258            android:authorities="app.hoofzyflutter.com.squareup.picasso"
258-->[com.squareup.picasso:picasso:2.71828] AndroidManifest.xml:10:13-72
259            android:exported="false" />
259-->[com.squareup.picasso:picasso:2.71828] AndroidManifest.xml:11:13-37
260
261        <activity
261-->[com.google.android.gms:play-services-base:18.0.1] AndroidManifest.xml:20:9-22:45
262            android:name="com.google.android.gms.common.api.GoogleApiActivity"
262-->[com.google.android.gms:play-services-base:18.0.1] AndroidManifest.xml:20:19-85
263            android:exported="false"
263-->[com.google.android.gms:play-services-base:18.0.1] AndroidManifest.xml:22:19-43
264            android:theme="@android:style/Theme.Translucent.NoTitleBar" /> <!-- Include the AdActivity and InAppPurchaseActivity configChanges and themes. -->
264-->[com.google.android.gms:play-services-base:18.0.1] AndroidManifest.xml:21:19-78
265        <activity
265-->[com.google.android.gms:play-services-ads-lite:21.3.0] AndroidManifest.xml:49:9-53:64
266            android:name="com.google.android.gms.ads.AdActivity"
266-->[com.google.android.gms:play-services-ads-lite:21.3.0] AndroidManifest.xml:50:13-65
267            android:configChanges="keyboard|keyboardHidden|orientation|screenLayout|uiMode|screenSize|smallestScreenSize"
267-->[com.google.android.gms:play-services-ads-lite:21.3.0] AndroidManifest.xml:51:13-122
268            android:exported="false"
268-->[com.google.android.gms:play-services-ads-lite:21.3.0] AndroidManifest.xml:52:13-37
269            android:theme="@android:style/Theme.Translucent" />
269-->[com.google.android.gms:play-services-ads-lite:21.3.0] AndroidManifest.xml:53:13-61
270
271        <provider
271-->[com.google.android.gms:play-services-ads-lite:21.3.0] AndroidManifest.xml:55:9-59:39
272            android:name="com.google.android.gms.ads.MobileAdsInitProvider"
272-->[com.google.android.gms:play-services-ads-lite:21.3.0] AndroidManifest.xml:56:13-76
273            android:authorities="app.hoofzyflutter.mobileadsinitprovider"
273-->[com.google.android.gms:play-services-ads-lite:21.3.0] AndroidManifest.xml:57:13-73
274            android:exported="false"
274-->[com.google.android.gms:play-services-ads-lite:21.3.0] AndroidManifest.xml:58:13-37
275            android:initOrder="100" />
275-->[com.google.android.gms:play-services-ads-lite:21.3.0] AndroidManifest.xml:59:13-36
276
277        <service
277-->[com.google.android.gms:play-services-ads-lite:21.3.0] AndroidManifest.xml:61:9-64:40
278            android:name="com.google.android.gms.ads.AdService"
278-->[com.google.android.gms:play-services-ads-lite:21.3.0] AndroidManifest.xml:62:13-64
279            android:enabled="true"